1558228223737:exit
1558228853352:help
1558228856126:exit
1558238253181:help
1558238271735:exit
1558247482932:help
1558247485539:list
1558247505396:exit
1558247873828:list
1558247928620:exit
1558247968709:list
1558248100987:exit
1558248528668:list
1558248550499:exit
1558249051565:listy
1558249053826:list
1558249224916:exit
1558249292924:list
1558251335791:help
1558251338924:search
1558253530272:exit
1558253897050:search
1558253924391:exit
1558258022478:search
1558258102331:exit
1558258556190:help
1558258560257:search
1558258586140:search --key _id --value 1
1558258728068:exit
1558258779912:search --key _id --value 1
1558262572061:search --key role --value admin
1558262614830:search --key active --value true
1558262627027:search --key active --value false
1558262650824:search --key timezone --value turkey
1558263395518:search --key _id --value 1
1558263413751:search --key timezone --value sri lanka
1558263440623:search --key timezone --value ''ri lanka
1558263465206:search --key timezone --value 'ri lanka'
1558263503035:search --key timezone --value "ri lanka"
1558263839050:search --key _id --value 1
1558263944325:search --key _id --val 1
1558263964606:search --key _id --value 1
1558263996486:search --key timezone --value "ri lanka"
1558264313617:search --key timezone --value 'ri lanka'
1558264457381:search --key _id --value"\nsri lanka"
1558264627254:search _id 1
1558264657452:search timezone `sri lanka`
1558264673631:search timezone 'sri lanka'
1558264740012:search locale 'zh-cn'
1558264788596:search shared false
1558264803295:search organization_id 105
1558264830305:search suspended false
1558264833007:exit
1558264998510:search id 1
1558265048318:search _id 1
1558265072116:search tags [
1558265097890:search tags '[\n\n'
1558265134895:search tags test
1558265544038:search tags shawmut
1558265617349:search tags test
1558265628956:search tags jeff
1558266209068:search tags Jeff
1558266382082:search tags jeff
1558266401034:search tags Jeff
1558271578520:search tags sutton
1558272626987:search tags Sutton
1558273278909:search tags SUtton
1558273288568:search tags Sutton
1558273377997:search role ''nd-user
1558273401910:search role `end-user`
1558273418191:search role 'end-user'
1558273431792:search role "end-user"
1558273456362:search name "rose newton"
1558273513588:search role "admin"
1558273524968:search tags Kenwood
1558273533603:help
1558273541161:search
1558273551329:exit
1558274170071:search
1558274177139:exit
1558274246269:search
1558274251884:search tags Sutton
1558274506714:exit
